0 info it worked if it ends with ok
1 verbose cli [ '/nvm/v0.8.4/bin/node', '/nvm/v0.8.4/bin/npm', 'publish' ]
2 info using npm@1.1.45
3 info using node@v0.8.4
4 verbose config file /home/bs/.npmrc
5 verbose config file /nvm/v0.8.4/etc/npmrc
6 verbose config file /nvm/v0.8.4/lib/node_modules/npm/npmrc
7 verbose publish [ '.' ]
8 verbose read json /home/bs/node-tomes/package.json
9 verbose cache add [ '.', null ]
10 silly cache add name=undefined spec="." args=[".",null]
11 verbose parsed url { pathname: '.', path: '.', href: '.' }
12 silly lockFile 3a52ce78- .
13 verbose lock . /home/bs/.npm/3a52ce78-.lock
14 verbose read json package.json
15 verbose tar pack [ '/home/bs/tmp/npm-2993/1355819908590-0.7060710107907653/tmp.tgz',
15 verbose tar pack   '.' ]
16 verbose tarball /home/bs/tmp/npm-2993/1355819908590-0.7060710107907653/tmp.tgz
17 verbose folder .
18 info prepublish tomes@0.0.1
19 silly lockFile f8d87edf-08590-0-7060710107907653-tmp-tgz /home/bs/tmp/npm-2993/1355819908590-0.7060710107907653/tmp.tgz
20 verbose lock /home/bs/tmp/npm-2993/1355819908590-0.7060710107907653/tmp.tgz /home/bs/.npm/f8d87edf-08590-0-7060710107907653-tmp-tgz.lock
21 silly lockFile f8d87edf-08590-0-7060710107907653-tmp-tgz /home/bs/tmp/npm-2993/1355819908590-0.7060710107907653/tmp.tgz
22 verbose tar unpack /home/bs/tmp/npm-2993/1355819908590-0.7060710107907653/tmp.tgz
23 silly lockFile 8c964c02-08590-0-7060710107907653-package /home/bs/tmp/npm-2993/1355819908590-0.7060710107907653/package
24 verbose lock /home/bs/tmp/npm-2993/1355819908590-0.7060710107907653/package /home/bs/.npm/8c964c02-08590-0-7060710107907653-package.lock
25 silly gunzTarPerm modes [ '755', '644' ]
26 silly gunzTarPerm extractEntry package.json
27 silly gunzTarPerm modified mode [ 'package.json', 509, 493 ]
28 silly gunzTarPerm extractEntry .npmignore
29 silly gunzTarPerm modified mode [ '.npmignore', 436, 420 ]
30 silly gunzTarPerm extractEntry README.md
31 silly gunzTarPerm modified mode [ 'README.md', 509, 493 ]
32 silly gunzTarPerm extractEntry LICENSE
33 silly gunzTarPerm modified mode [ 'LICENSE', 509, 493 ]
34 silly gunzTarPerm extractEntry tomes.js
35 silly gunzTarPerm modified mode [ 'tomes.js', 509, 493 ]
36 silly gunzTarPerm extractEntry scripts/jshint.cfg
37 silly gunzTarPerm modified mode [ 'scripts/jshint.cfg', 436, 420 ]
38 silly gunzTarPerm extractEntry scripts/git-setup.sh
39 silly gunzTarPerm modified mode [ 'scripts/git-setup.sh', 509, 493 ]
40 silly gunzTarPerm extractEntry scripts/lint-all.sh
41 silly gunzTarPerm modified mode [ 'scripts/lint-all.sh', 509, 493 ]
42 silly gunzTarPerm extractEntry scripts/lint-staged.sh
43 silly gunzTarPerm modified mode [ 'scripts/lint-staged.sh', 509, 493 ]
44 silly gunzTarPerm extractEntry .travis.yml
45 silly gunzTarPerm modified mode [ '.travis.yml', 436, 420 ]
46 silly gunzTarPerm extractEntry Makefile
47 silly gunzTarPerm modified mode [ 'Makefile', 509, 493 ]
48 silly gunzTarPerm extractEntry test/index.js
49 silly gunzTarPerm modified mode [ 'test/index.js', 509, 493 ]
50 silly gunzTarPerm extractEntry test/modules/array.js
51 silly gunzTarPerm modified mode [ 'test/modules/array.js', 509, 493 ]
52 silly gunzTarPerm extractEntry test/modules/undefined.js
53 silly gunzTarPerm modified mode [ 'test/modules/undefined.js', 509, 493 ]
54 silly gunzTarPerm extractEntry test/modules/pause.js
55 silly gunzTarPerm modified mode [ 'test/modules/pause.js', 509, 493 ]
56 silly gunzTarPerm extractEntry test/modules/move.js
57 silly gunzTarPerm modified mode [ 'test/modules/move.js', 509, 493 ]
58 silly gunzTarPerm extractEntry test/modules/object.js
59 silly gunzTarPerm modified mode [ 'test/modules/object.js', 509, 493 ]
60 silly gunzTarPerm extractEntry test/modules/swap.js
61 silly gunzTarPerm modified mode [ 'test/modules/swap.js', 509, 493 ]
62 silly gunzTarPerm extractEntry test/modules/string.js
63 silly gunzTarPerm modified mode [ 'test/modules/string.js', 509, 493 ]
64 silly gunzTarPerm extractEntry test/modules/number.js
65 silly gunzTarPerm modified mode [ 'test/modules/number.js', 509, 493 ]
66 silly gunzTarPerm extractEntry test/modules/null.js
67 silly gunzTarPerm modified mode [ 'test/modules/null.js', 509, 493 ]
68 silly gunzTarPerm extractEntry test/modules/boolean.js
69 silly gunzTarPerm modified mode [ 'test/modules/boolean.js', 509, 493 ]
70 silly gunzTarPerm extractEntry test/modules/diff.js
71 silly gunzTarPerm modified mode [ 'test/modules/diff.js', 509, 493 ]
72 verbose read json /home/bs/tmp/npm-2993/1355819908590-0.7060710107907653/package/package.json
73 silly lockFile 8c964c02-08590-0-7060710107907653-package /home/bs/tmp/npm-2993/1355819908590-0.7060710107907653/package
74 verbose from cache /home/bs/tmp/npm-2993/1355819908590-0.7060710107907653/package/package.json
75 verbose tar pack [ '/home/bs/.npm/tomes/0.0.1/package.tgz',
75 verbose tar pack   '/home/bs/tmp/npm-2993/1355819908590-0.7060710107907653/package' ]
76 verbose tarball /home/bs/.npm/tomes/0.0.1/package.tgz
77 verbose folder /home/bs/tmp/npm-2993/1355819908590-0.7060710107907653/package
78 silly lockFile 793f39e3-e-bs-npm-tomes-0-0-1-package-tgz /home/bs/.npm/tomes/0.0.1/package.tgz
79 verbose lock /home/bs/.npm/tomes/0.0.1/package.tgz /home/bs/.npm/793f39e3-e-bs-npm-tomes-0-0-1-package-tgz.lock
80 silly lockFile 793f39e3-e-bs-npm-tomes-0-0-1-package-tgz /home/bs/.npm/tomes/0.0.1/package.tgz
81 silly lockFile 7b360304-home-bs-npm-tomes-0-0-1-package /home/bs/.npm/tomes/0.0.1/package
82 verbose lock /home/bs/.npm/tomes/0.0.1/package /home/bs/.npm/7b360304-home-bs-npm-tomes-0-0-1-package.lock
83 silly lockFile 7b360304-home-bs-npm-tomes-0-0-1-package /home/bs/.npm/tomes/0.0.1/package
84 verbose tar unpack /home/bs/.npm/tomes/0.0.1/package.tgz
85 silly lockFile 7b360304-home-bs-npm-tomes-0-0-1-package /home/bs/.npm/tomes/0.0.1/package
86 verbose lock /home/bs/.npm/tomes/0.0.1/package /home/bs/.npm/7b360304-home-bs-npm-tomes-0-0-1-package.lock
87 silly gunzTarPerm modes [ '755', '644' ]
88 silly gunzTarPerm extractEntry package.json
89 silly gunzTarPerm extractEntry .npmignore
90 silly gunzTarPerm extractEntry README.md
91 silly gunzTarPerm extractEntry LICENSE
92 silly gunzTarPerm extractEntry tomes.js
93 silly gunzTarPerm extractEntry scripts/jshint.cfg
94 silly gunzTarPerm extractEntry scripts/git-setup.sh
95 silly gunzTarPerm extractEntry scripts/lint-all.sh
96 silly gunzTarPerm extractEntry scripts/lint-staged.sh
97 silly gunzTarPerm extractEntry .travis.yml
98 silly gunzTarPerm extractEntry Makefile
99 silly gunzTarPerm extractEntry test/index.js
100 silly gunzTarPerm extractEntry test/modules/array.js
101 silly gunzTarPerm extractEntry test/modules/undefined.js
102 silly gunzTarPerm extractEntry test/modules/pause.js
103 silly gunzTarPerm extractEntry test/modules/move.js
104 silly gunzTarPerm extractEntry test/modules/object.js
105 silly gunzTarPerm extractEntry test/modules/swap.js
106 silly gunzTarPerm extractEntry test/modules/string.js
107 silly gunzTarPerm extractEntry test/modules/number.js
108 silly gunzTarPerm extractEntry test/modules/null.js
109 silly gunzTarPerm extractEntry test/modules/boolean.js
110 silly gunzTarPerm extractEntry test/modules/diff.js
111 verbose read json /home/bs/.npm/tomes/0.0.1/package/package.json
112 silly lockFile 7b360304-home-bs-npm-tomes-0-0-1-package /home/bs/.npm/tomes/0.0.1/package
113 silly shasum updated bytes 23358
114 info shasum ca86daa025e64c51cb98f9178583184e6ebc40de
114 info shasum /home/bs/.npm/tomes/0.0.1/package.tgz
115 verbose from cache /home/bs/.npm/tomes/0.0.1/package/package.json
116 verbose chmod /home/bs/.npm/tomes/0.0.1/package.tgz 644
117 verbose chown /home/bs/.npm/tomes/0.0.1/package.tgz [ 1046, 1048 ]
118 silly lockFile 3a52ce78- .
119 silly publish { name: 'tomes',
119 silly publish   description: 'Evented Storage Agnostic Data API',
119 silly publish   version: '0.0.1',
119 silly publish   author: { name: 'Wizcorp, Inc.', email: 'info@wizcorp.jp' },
119 silly publish   maintainers: [ { name: 'Bjorn Stromberg', email: 'bstromberg@wizcorp.jp' } ],
119 silly publish   scripts: { test: 'node test' },
119 silly publish   main: 'tomes.js',
119 silly publish   devDependencies: { nodeunit: '*' },
119 silly publish   license:
119 silly publish    { type: 'MIT',
119 silly publish      url: 'https://github.com/Wizcorp/node-tomes/raw/master/LICENSE' },
119 silly publish   repository:
119 silly publish    { type: 'git',
119 silly publish      url: 'https://github.com/Wizcorp/node-tomes.git' },
119 silly publish   bugs: { url: 'http://github.com/Wizcorp/node-tomes/issues' },
119 silly publish   readme: '[![Build Status](https://travis-ci.org/bjornstar/node-tomes.png)](https://travis-ci.org/bjornstar/node-tomes)\n\nnode-tomes\n=========\n\nEvented Storage Agnostic Data API\n\nPlay with a demo here - http://bjornstar.github.com/node-tomes/\n\nProblem: You\'ve got data and you want to do something whenever it changes.\n\nAccess and modify your data through the Tomes API and you\'ll get change events.\n\n```javascript\nvar filmData = {\n\tcast: [\n\t\t{ name: "Mr. Pink", guns: 1 },\n\t\t{ name: "Mr. Blonde", guns: 1, razors: 1 },\n\t\t{ name: "Mr. White", guns: 2 },\n\t\t{ name: "Mr. Orange", guns: 1, cop: true },\n\t\t{ name: "Mr. Brown", guns: 1 },\n\t\t{ name: "Mr. Blue", guns: 1 },\n\t\t{ name: "Marvin Nash", ears: [ "left", "right" ], cop: true },\n\t\t{ name: "Nice Guy Eddie", guns: 2 },\n\t\t{ name: "Joe Cabot", guns: 1 }\n\t]\n};\n\nvar reservoirDogs = Tome.conjure(filmData);\n\nreservoirDogs.set(\'director\', reservoirDogs.cast[4]);\n\nreservoirDogs.director.name.assign(\'Quentin Tarantino\');\n```\n',
119 silly publish   _id: 'tomes@0.0.1',
119 silly publish   dist: { shasum: 'ca86daa025e64c51cb98f9178583184e6ebc40de' } }
120 verbose url raw tomes
121 verbose url resolving [ 'https://registry.npmjs.org/', './tomes' ]
122 verbose url resolved https://registry.npmjs.org/tomes
123 info retry registry request attempt 1 at 17:38:28
124 http PUT https://registry.npmjs.org/tomes
125 http 409 https://registry.npmjs.org/tomes
126 verbose url raw tomes
127 verbose url resolving [ 'https://registry.npmjs.org/', './tomes' ]
128 verbose url resolved https://registry.npmjs.org/tomes
129 info retry registry request attempt 1 at 17:38:30
130 http GET https://registry.npmjs.org/tomes
131 http 200 https://registry.npmjs.org/tomes
132 error publish fail Cannot publish over existing version.
132 error publish fail Bump the 'version' field, set the --force flag, or
132 error publish fail     npm unpublish 'tomes@0.0.1'
132 error publish fail and try again
133 error System Linux 2.6.18-308.11.1.el5xen
134 error command "/nvm/v0.8.4/bin/node" "/nvm/v0.8.4/bin/npm" "publish"
135 error cwd /home/bs/node-tomes
136 error node -v v0.8.4
137 error npm -v 1.1.45
138 error code EPUBLISHCONFLICT
139 verbose exit [ 1, true ]
